[2020-12-28T12:38:24.429] [DEBUG] cheese - login => username:admin,password:123456
[2020-12-28T12:38:24.682] [DEBUG] cheese - admin
[2020-12-28T12:38:25.094] [DEBUG] cheese - { inspect: [Function: inspect] }
[2020-12-28T12:38:25.096] [DEBUG] cheese - 查询失败
[2020-12-28T12:38:38.549] [DEBUG] cheese - login => username:admin,password:123456
[2020-12-28T12:38:38.550] [DEBUG] cheese - admin
[2020-12-28T12:38:38.553] [DEBUG] cheese - { inspect: [Function: inspect] }
[2020-12-28T12:38:38.553] [DEBUG] cheese - 查询失败
[2020-12-28T12:38:40.684] [DEBUG] cheese - login => username:admin,password:123456
[2020-12-28T12:38:40.684] [DEBUG] cheese - admin
[2020-12-28T12:38:40.687] [DEBUG] cheese - { inspect: [Function: inspect] }
[2020-12-28T12:38:40.687] [DEBUG] cheese - 查询失败
[2020-12-28T12:38:54.805] [DEBUG] cheese - login => username:admin,password:123456
[2020-12-28T12:38:54.805] [DEBUG] cheese - admin
[2020-12-28T12:38:54.808] [DEBUG] cheese - { inspect: [Function: inspect] }
[2020-12-28T12:38:54.808] [DEBUG] cheese - 查询失败
[2020-12-28T12:39:18.033] [DEBUG] cheese - login => username:admin,password:123456
[2020-12-28T12:39:18.033] [DEBUG] cheese - admin
[2020-12-28T12:39:18.035] [DEBUG] cheese - { inspect: [Function: inspect] }
[2020-12-28T12:39:18.035] [DEBUG] cheese - 查询失败
[2020-12-28T12:39:20.142] [DEBUG] cheese - login => username:admin,password:123456
[2020-12-28T12:39:20.142] [DEBUG] cheese - admin
[2020-12-28T12:39:20.144] [DEBUG] cheese - { inspect: [Function: inspect] }
[2020-12-28T12:39:20.144] [DEBUG] cheese - 查询失败
[2020-12-28T12:39:20.941] [DEBUG] cheese - login => username:admin,password:123456
[2020-12-28T12:39:20.941] [DEBUG] cheese - admin
[2020-12-28T12:39:20.943] [DEBUG] cheese - { inspect: [Function: inspect] }
[2020-12-28T12:39:20.943] [DEBUG] cheese - 查询失败
[2020-12-28T12:39:21.615] [DEBUG] cheese - login => username:admin,password:123456
[2020-12-28T12:39:21.615] [DEBUG] cheese - admin
[2020-12-28T12:39:21.617] [DEBUG] cheese - { inspect: [Function: inspect] }
[2020-12-28T12:39:21.617] [DEBUG] cheese - 查询失败
[2020-12-28T12:40:05.937] [DEBUG] cheese - login => username:admin,password:123456
[2020-12-28T12:40:05.937] [DEBUG] cheese - admin
[2020-12-28T12:40:05.939] [DEBUG] cheese - { inspect: [Function: inspect] }
[2020-12-28T12:40:05.940] [DEBUG] cheese - 查询失败
[2020-12-28T12:42:37.832] [DEBUG] cheese - login => username:admin,password:123456
[2020-12-28T12:42:37.832] [DEBUG] cheese - admin
[2020-12-28T12:42:37.834] [DEBUG] cheese - { inspect: [Function: inspect] }
[2020-12-28T12:42:37.834] [DEBUG] cheese - 查询失败
[2020-12-28T12:44:54.712] [DEBUG] cheese - login => username:admin,password:123456
[2020-12-28T12:44:54.713] [DEBUG] cheese - admin
[2020-12-28T12:44:54.715] [DEBUG] cheese - { inspect: [Function: inspect] }
[2020-12-28T12:44:54.715] [DEBUG] cheese - 查询失败
[2020-12-28T12:45:00.321] [DEBUG] cheese - login => username:admin,password:123456
[2020-12-28T12:45:00.321] [DEBUG] cheese - admin
[2020-12-28T12:45:00.324] [DEBUG] cheese - { inspect: [Function: inspect] }
[2020-12-28T12:45:00.324] [DEBUG] cheese - 查询失败
[2020-12-28T12:45:01.140] [DEBUG] cheese - login => username:admin,password:123456
[2020-12-28T12:45:01.140] [DEBUG] cheese - admin
[2020-12-28T12:45:01.142] [DEBUG] cheese - { inspect: [Function: inspect] }
[2020-12-28T12:45:01.143] [DEBUG] cheese - 查询失败
[2020-12-28T12:45:02.121] [DEBUG] cheese - login => username:admin,password:123456
[2020-12-28T12:45:02.122] [DEBUG] cheese - admin
[2020-12-28T12:45:02.124] [DEBUG] cheese - { inspect: [Function: inspect] }
[2020-12-28T12:45:02.124] [DEBUG] cheese - 查询失败
[2020-12-28T12:45:02.830] [DEBUG] cheese - login => username:admin,password:123456
[2020-12-28T12:45:02.830] [DEBUG] cheese - admin
[2020-12-28T12:45:02.832] [DEBUG] cheese - { inspect: [Function: inspect] }
[2020-12-28T12:45:02.832] [DEBUG] cheese - 查询失败
[2020-12-31T10:16:57.961] [DEBUG] cheese - login => username:admin,password:123456
[2020-12-31T10:16:58.041] [DEBUG] cheese - admin
[2020-12-31T10:16:58.934] [DEBUG] cheese - login => username:admin,password:123456
[2020-12-31T10:16:58.934] [DEBUG] cheese - admin
[2020-12-31T10:16:59.765] [DEBUG] cheese - { inspect: [Function: inspect] }
[2020-12-31T10:16:59.770] [DEBUG] cheese - 查询失败
[2020-12-31T10:16:59.773] [DEBUG] cheese - { inspect: [Function: inspect] }
[2020-12-31T10:16:59.774] [DEBUG] cheese - 查询失败
[2020-12-31T10:17:59.088] [DEBUG] cheese - login => username:admin,password:123456
[2020-12-31T10:17:59.088] [DEBUG] cheese - admin
[2020-12-31T10:17:59.093] [DEBUG] cheese - { inspect: [Function: inspect] }
[2020-12-31T10:17:59.094] [DEBUG] cheese - 查询失败
[2020-12-31T10:18:12.026] [DEBUG] cheese - login => username:admin,password:123456
[2020-12-31T10:18:12.026] [DEBUG] cheese - admin
[2020-12-31T10:18:12.029] [DEBUG] cheese - { inspect: [Function: inspect] }
[2020-12-31T10:18:12.058] [DEBUG] cheese - 查询失败
[2020-12-31T11:16:52.656] [DEBUG] cheese - login => username:admin,password:123456
[2020-12-31T11:16:52.864] [DEBUG] cheese - admin
[2020-12-31T11:16:54.818] [DEBUG] cheese - { inspect: [Function: inspect] }
[2020-12-31T11:16:54.819] [DEBUG] cheese - 查询失败
[2020-12-31T11:17:12.371] [DEBUG] cheese - login => username:admin,password:123456
[2020-12-31T11:17:12.371] [DEBUG] cheese - admin
[2020-12-31T11:17:12.375] [DEBUG] cheese - { inspect: [Function: inspect] }
[2020-12-31T11:17:12.375] [DEBUG] cheese - 查询失败
[2020-12-31T11:17:49.631] [DEBUG] cheese - login => username:admin,password:123456
[2020-12-31T11:17:49.631] [DEBUG] cheese - admin
[2020-12-31T11:17:49.635] [DEBUG] cheese - { inspect: [Function: inspect] }
[2020-12-31T11:17:49.635] [DEBUG] cheese - 查询失败
[2020-12-31T11:17:55.077] [DEBUG] cheese - login => username:admin,password:123456
[2020-12-31T11:17:55.077] [DEBUG] cheese - admin
[2020-12-31T11:17:55.081] [DEBUG] cheese - { inspect: [Function: inspect] }
[2020-12-31T11:17:55.081] [DEBUG] cheese - 查询失败
[2020-12-31T11:48:18.054] [DEBUG] cheese - login => username:admin,password:123456
[2020-12-31T11:48:18.110] [DEBUG] cheese - admin
[2020-12-31T11:48:18.269] [DEBUG] cheese - null
[2020-12-31T11:48:18.272] [DEBUG] cheese - null
[2020-12-31T11:50:16.592] [DEBUG] cheese - login => username:admin,password:123456
[2020-12-31T11:50:16.592] [DEBUG] cheese - admin
[2020-12-31T11:50:16.597] [DEBUG] cheese - null
[2020-12-31T12:41:08.782] [DEBUG] cheese - login => username:admin,password:123456
[2020-12-31T12:41:08.792] [DEBUG] cheese - admin
[2020-12-31T12:41:09.075] [DEBUG] cheese - null
[2020-12-31T12:41:09.075] [DEBUG] cheese - null
[2020-12-31T12:41:18.427] [DEBUG] cheese - login => username:admin,password:123456
[2020-12-31T12:41:18.427] [DEBUG] cheese - admin
[2020-12-31T12:41:18.433] [DEBUG] cheese - null
[2020-12-31T12:41:18.433] [DEBUG] cheese - null
[2020-12-31T12:42:00.816] [DEBUG] cheese - login => username:admin,password:123456
[2020-12-31T12:42:00.816] [DEBUG] cheese - admin
[2020-12-31T12:42:00.820] [DEBUG] cheese - null
[2020-12-31T12:42:00.821] [DEBUG] cheese - null
[2020-12-31T12:42:33.558] [DEBUG] cheese - login => username:admin,password:123456
[2020-12-31T12:42:33.559] [DEBUG] cheese - admin
[2020-12-31T12:42:33.565] [DEBUG] cheese - null
[2020-12-31T12:42:33.565] [DEBUG] cheese - null
[2020-12-31T12:46:46.061] [DEBUG] cheese - login => username:admin,password:123456
[2020-12-31T12:46:46.062] [DEBUG] cheese - admin
[2020-12-31T12:46:46.072] [DEBUG] cheese - null
[2020-12-31T12:46:46.072] [DEBUG] cheese - null
[2020-12-31T12:47:28.037] [DEBUG] cheese - login => username:admin,password:123456
[2020-12-31T12:47:28.037] [DEBUG] cheese - admin
[2020-12-31T12:47:28.040] [DEBUG] cheese - null
[2020-12-31T12:47:28.040] [DEBUG] cheese - null
[2020-12-31T12:52:34.057] [DEBUG] cheese - login => username:admin,password:123456
[2020-12-31T12:52:34.057] [DEBUG] cheese - admin
[2020-12-31T12:52:34.169] [DEBUG] cheese - null
[2020-12-31T12:52:34.170] [DEBUG] cheese - null
[2020-12-31T12:53:17.361] [DEBUG] cheese - login => username:admin,password:123456
[2020-12-31T12:53:17.361] [DEBUG] cheese - admin
[2020-12-31T12:53:17.554] [DEBUG] cheese - null
[2020-12-31T12:53:17.555] [DEBUG] cheese - null
[2020-12-31T12:56:29.433] [DEBUG] cheese - login => username:admin,password:123456
[2020-12-31T12:56:29.433] [DEBUG] cheese - admin
[2020-12-31T12:56:29.437] [DEBUG] cheese - null
[2020-12-31T12:56:29.437] [DEBUG] cheese - null
[2020-12-31T12:57:34.800] [DEBUG] cheese - login => username:admin,password:123456
[2020-12-31T12:57:34.800] [DEBUG] cheese - admin
[2020-12-31T12:57:34.974] [DEBUG] cheese - null
[2020-12-31T12:57:34.974] [DEBUG] cheese - null
[2020-12-31T12:59:03.982] [DEBUG] cheese - login => username:admin,password:123456
[2020-12-31T12:59:03.983] [DEBUG] cheese - admin
[2020-12-31T12:59:03.986] [DEBUG] cheese - null
[2020-12-31T12:59:03.986] [DEBUG] cheese - null
[2020-12-31T13:10:46.810] [DEBUG] cheese - login => username:admin,password:123456
[2020-12-31T13:10:46.810] [DEBUG] cheese - admin
[2020-12-31T13:10:46.844] [DEBUG] cheese - null
[2020-12-31T13:10:46.844] [DEBUG] cheese - null
[2020-12-31T13:15:56.427] [DEBUG] cheese - login => username:admin,password:123456
[2020-12-31T13:15:56.427] [DEBUG] cheese - admin
[2020-12-31T13:15:56.607] [DEBUG] cheese - null
[2020-12-31T13:15:56.607] [DEBUG] cheese - null
[2020-12-31T13:17:09.986] [DEBUG] cheese - login => username:admin,password:123456
[2020-12-31T13:17:09.987] [DEBUG] cheese - admin
[2020-12-31T13:17:09.990] [DEBUG] cheese - null
[2020-12-31T13:17:09.990] [DEBUG] cheese - null
[2020-12-31T13:19:03.409] [DEBUG] cheese - login => username:admin,password:123456
[2020-12-31T13:19:03.410] [DEBUG] cheese - admin
[2020-12-31T13:19:03.415] [DEBUG] cheese - null
[2020-12-31T13:19:03.415] [DEBUG] cheese - null
[2020-12-31T13:20:24.989] [DEBUG] cheese - login => username:admin,password:123456
[2020-12-31T13:20:24.989] [DEBUG] cheese - admin
[2020-12-31T13:20:25.554] [DEBUG] cheese - null
[2020-12-31T13:20:25.555] [DEBUG] cheese - null
[2020-12-31T13:54:48.217] [DEBUG] cheese - login => username:admin,password:123456
[2020-12-31T13:54:48.243] [DEBUG] cheese - admin
[2020-12-31T13:54:49.150] [DEBUG] cheese - null
[2020-12-31T13:54:49.150] [DEBUG] cheese - null
[2020-12-31T13:55:12.926] [DEBUG] cheese - login => username:admin,password:123456
[2020-12-31T13:55:12.926] [DEBUG] cheese - admin
[2020-12-31T13:55:12.929] [DEBUG] cheese - null
[2020-12-31T13:55:12.974] [DEBUG] cheese - null
[2020-12-31T13:56:26.089] [DEBUG] cheese - login => username:admin,password:123456
[2020-12-31T13:56:26.098] [DEBUG] cheese - admin
[2020-12-31T13:56:26.163] [DEBUG] cheese - null
[2020-12-31T13:56:26.163] [DEBUG] cheese - null
[2020-12-31T13:57:56.001] [DEBUG] cheese - login => username:admin,password:123456
[2020-12-31T13:57:56.001] [DEBUG] cheese - admin
[2020-12-31T13:57:56.005] [DEBUG] cheese - null
[2020-12-31T13:57:56.005] [DEBUG] cheese - null
[2020-12-31T17:38:37.109] [DEBUG] cheese - login => username:admin,password:123456
[2020-12-31T17:38:37.141] [DEBUG] cheese - admin
[2020-12-31T17:38:37.544] [DEBUG] cheese - null
[2020-12-31T17:38:37.545] [DEBUG] cheese - null
[2021-04-27T12:58:40.763] [DEBUG] cheese - login => username:admin,password:123456
[2021-04-27T12:58:40.780] [DEBUG] cheese - admin
[2021-04-27T12:58:41.487] [DEBUG] cheese - null
[2021-04-27T12:58:41.488] [DEBUG] cheese - null
[2021-04-27T12:59:18.613] [DEBUG] cheese - login => username:admin,password:123456
[2021-04-27T12:59:18.613] [DEBUG] cheese - admin
[2021-04-27T12:59:18.618] [DEBUG] cheese - null
[2021-04-27T12:59:18.619] [DEBUG] cheese - null
[2021-04-27T14:48:47.146] [DEBUG] cheese - login => username:admin,password:123456
[2021-04-27T14:48:47.183] [DEBUG] cheese - admin
[2021-04-27T14:48:47.195] [DEBUG] cheese - null
[2021-04-27T14:48:47.217] [DEBUG] cheese - null
[2021-04-27T14:49:08.672] [DEBUG] cheese - login => username:admin,password:123456
[2021-04-27T14:49:08.672] [DEBUG] cheese - admin
[2021-04-27T14:49:08.676] [DEBUG] cheese - null
[2021-04-27T14:49:08.677] [DEBUG] cheese - null
[2021-04-27T14:50:25.018] [DEBUG] cheese - login => username:admin,password:123456
[2021-04-27T14:50:25.019] [DEBUG] cheese - admin
[2021-04-27T14:50:25.023] [DEBUG] cheese - null
[2021-04-27T14:50:25.023] [DEBUG] cheese - null
[2021-04-27T14:52:25.360] [DEBUG] cheese - login => username:admin,password:123456
[2021-04-27T14:52:25.361] [DEBUG] cheese - admin
[2021-04-27T14:52:25.363] [DEBUG] cheese - null
[2021-04-27T14:52:25.363] [DEBUG] cheese - null
[2021-04-27T14:52:55.693] [DEBUG] cheese - login => username:admin,password:123456
[2021-04-27T14:52:55.694] [DEBUG] cheese - admin
[2021-04-27T14:52:55.697] [DEBUG] cheese - null
[2021-04-27T14:52:55.697] [DEBUG] cheese - null
[2021-04-27T14:53:21.569] [DEBUG] cheese - login => username:admin,password:123456
[2021-04-27T14:53:21.569] [DEBUG] cheese - admin
[2021-04-27T14:53:21.572] [DEBUG] cheese - null
[2021-04-27T14:53:21.572] [DEBUG] cheese - null
[2021-04-27T14:54:18.794] [DEBUG] cheese - login => username:admin,password:123456
[2021-04-27T14:54:18.794] [DEBUG] cheese - admin
[2021-04-27T14:54:18.797] [DEBUG] cheese - null
[2021-04-27T14:54:18.798] [DEBUG] cheese - null
[2021-04-27T14:54:59.155] [DEBUG] cheese - login => username:admin,password:123456
[2021-04-27T14:54:59.155] [DEBUG] cheese - admin
[2021-04-27T14:54:59.159] [DEBUG] cheese - null
[2021-04-27T14:54:59.159] [DEBUG] cheese - null
[2021-04-27T14:55:30.731] [DEBUG] cheese - login => username:admin,password:123456
[2021-04-27T14:55:30.732] [DEBUG] cheese - admin
[2021-04-27T14:55:30.739] [DEBUG] cheese - null
[2021-04-27T14:55:30.740] [DEBUG] cheese - null
[2021-04-27T15:25:52.058] [DEBUG] cheese - login => username:admin,password:123456
[2021-04-27T15:25:52.076] [DEBUG] cheese - admin
[2021-04-27T15:25:52.287] [DEBUG] cheese - null
[2021-04-27T15:25:52.287] [DEBUG] cheese - null
[2021-04-27T15:34:54.143] [DEBUG] cheese - login => username:admin,password:123456
[2021-04-27T15:34:54.143] [DEBUG] cheese - admin
[2021-04-27T15:34:54.146] [DEBUG] cheese - null
[2021-04-27T15:34:54.147] [DEBUG] cheese - null
[2021-04-27T16:32:47.236] [DEBUG] cheese - login => username:admin,password:123456
[2021-04-27T16:32:47.237] [DEBUG] cheese - admin
[2021-04-27T16:32:47.244] [DEBUG] cheese - null
[2021-04-27T16:32:47.245] [DEBUG] cheese - null
[2021-04-27T17:17:03.940] [DEBUG] cheese - login => username:hehe,password:123456
[2021-04-27T17:17:03.941] [DEBUG] cheese - hehe
[2021-04-27T17:17:03.944] [DEBUG] cheese - null
[2021-04-27T17:17:03.945] [DEBUG] cheese - null
[2021-04-27T17:17:14.699] [DEBUG] cheese - login => username:admin,password:123456
[2021-04-27T17:17:14.699] [DEBUG] cheese - admin
[2021-04-27T17:17:14.704] [DEBUG] cheese - null
[2021-04-27T17:17:14.705] [DEBUG] cheese - null
[2021-04-27T17:17:29.167] [DEBUG] cheese - login => username:hehe,password:123456
[2021-04-27T17:17:29.168] [DEBUG] cheese - hehe
[2021-04-27T17:17:29.172] [DEBUG] cheese - null
[2021-04-27T17:17:29.172] [DEBUG] cheese - null
[2021-04-27T17:26:55.357] [DEBUG] cheese - null
[2021-04-27T17:26:58.048] [DEBUG] cheese - null
[2021-04-27T17:26:58.052] [DEBUG] cheese - null
[2021-04-27T17:27:21.514] [DEBUG] cheese - null
[2021-04-27T17:27:21.519] [DEBUG] cheese - null
[2021-04-27T17:27:28.036] [DEBUG] cheese - null
[2021-04-27T17:27:28.039] [DEBUG] cheese - null
[2021-04-27T17:30:54.262] [DEBUG] cheese - null
[2021-04-27T17:30:54.270] [DEBUG] cheese - null
[2021-04-27T17:31:35.024] [DEBUG] cheese - null
[2021-04-27T17:31:35.027] [DEBUG] cheese - null
[2021-04-27T17:32:34.692] [DEBUG] cheese - null
[2021-04-27T17:32:34.696] [DEBUG] cheese - null
[2021-04-27T17:32:52.343] [DEBUG] cheese - null
[2021-04-27T17:32:52.346] [DEBUG] cheese - null
[2021-04-27T17:32:58.468] [DEBUG] cheese - null
[2021-04-27T17:32:58.474] [DEBUG] cheese - null
[2021-04-27T17:33:01.894] [DEBUG] cheese - null
[2021-04-27T17:33:01.897] [DEBUG] cheese - null
[2021-04-27T17:33:33.349] [DEBUG] cheese - null
[2021-04-27T17:33:33.353] [DEBUG] cheese - null
[2021-04-27T17:33:57.524] [DEBUG] cheese - null
[2021-04-27T17:33:57.528] [DEBUG] cheese - null
[2021-04-27T17:39:38.291] [DEBUG] cheese - null
[2021-04-27T17:39:38.295] [DEBUG] cheese - null
[2021-04-27T17:39:50.017] [DEBUG] cheese - null
[2021-04-27T17:39:50.020] [DEBUG] cheese - null
[2021-04-27T17:50:16.863] [DEBUG] cheese - null
[2021-04-27T17:50:16.868] [DEBUG] cheese - null
[2021-04-27T17:50:44.431] [DEBUG] cheese - null
[2021-04-27T17:50:44.437] [DEBUG] cheese - null
[2021-04-27T17:50:55.877] [DEBUG] cheese - login => username:admin,password:123456
[2021-04-27T17:50:55.877] [DEBUG] cheese - admin
[2021-04-27T17:50:55.881] [DEBUG] cheese - null
[2021-04-27T17:50:55.882] [DEBUG] cheese - null
[2021-04-27T17:51:07.641] [DEBUG] cheese - login => username:hehe,password:123456
[2021-04-27T17:51:07.641] [DEBUG] cheese - hehe
[2021-04-27T17:51:07.645] [DEBUG] cheese - null
[2021-04-27T17:51:07.645] [DEBUG] cheese - null
[2021-04-27T17:51:39.463] [DEBUG] cheese - null
[2021-04-27T17:51:39.468] [DEBUG] cheese - null
[2021-04-27T17:53:25.561] [DEBUG] cheese - null
[2021-04-27T17:53:46.652] [DEBUG] cheese - null
[2021-04-27T17:53:46.655] [DEBUG] cheese - null
[2021-04-27T17:55:46.578] [DEBUG] cheese - null
[2021-04-27T17:55:46.585] [DEBUG] cheese - null
[2021-04-28T09:22:46.282] [DEBUG] cheese - login => username:admin,password:123456
[2021-04-28T09:22:46.283] [DEBUG] cheese - admin
[2021-04-28T09:22:46.365] [DEBUG] cheese - null
[2021-04-28T09:22:46.365] [DEBUG] cheese - null
[2021-04-28T09:26:06.399] [DEBUG] cheese - login => username:admin,password:123456
[2021-04-28T09:26:06.400] [DEBUG] cheese - admin
[2021-04-28T09:26:06.403] [DEBUG] cheese - null
[2021-04-28T09:26:06.403] [DEBUG] cheese - null
[2021-04-28T09:39:55.599] [DEBUG] cheese - login => username:admin,password:123456
[2021-04-28T09:39:55.600] [DEBUG] cheese - admin
[2021-04-28T09:39:55.603] [DEBUG] cheese - null
[2021-04-28T09:39:55.603] [DEBUG] cheese - null
[2021-04-28T10:06:29.766] [DEBUG] cheese - login => username:hehe,password:123456
[2021-04-28T10:06:29.773] [DEBUG] cheese - hehe
[2021-04-28T10:06:29.786] [DEBUG] cheese - null
[2021-04-28T10:06:29.787] [DEBUG] cheese - null
[2021-04-28T10:12:12.787] [DEBUG] cheese - login => username:admin,password:123456
[2021-04-28T10:12:12.789] [DEBUG] cheese - admin
[2021-04-28T10:12:12.797] [DEBUG] cheese - null
[2021-04-28T10:12:12.798] [DEBUG] cheese - null
[2021-04-28T17:52:09.165] [DEBUG] cheese - login => username:admin,password:123456
[2021-04-28T17:52:09.750] [DEBUG] cheese - admin
[2021-04-28T17:52:10.631] [DEBUG] cheese - null
[2021-04-28T17:52:10.645] [DEBUG] cheese - null
[2021-05-10T10:53:45.841] [DEBUG] cheese - login => username:admin,password:123456
[2021-05-10T10:53:45.857] [DEBUG] cheese - admin
[2021-05-10T10:53:46.209] [DEBUG] cheese - null
[2021-05-10T10:53:46.210] [DEBUG] cheese - null
